Started by user [8mha:////4BZv/RbSRYtMZa6Gy4V7aSsv1Lgf4frwfCHza6l7zHyjAAAAlx+LCAAAAAAAAP9b85aBtbiIQTGjNKU4P08vOT+vOD8nVc83PyU1x6OyILUoJzMv2y+/JJUBAhiZGBgqihhk0NSjKDWzXb3RdlLBUSYGJk8GtpzUvPSSDB8G5tKinBIGIZ+sxLJE/ZzEvHT94JKizLx0a6BxUmjGOUNodHsLgAzWEgZu/dLi1CL9xJTczDwAj6GcLcAAAAA=[0madmin
Building remotely on [8mha:////4EPva0O8U8cMmchepU37C/76sIwqX644G//d/BaMK+soAAAAnB+LCAAAAAAAAP9b85aBtbiIQTGjNKU4P08vOT+vOD8nVc83PyU1x6OyILUoJzMv2y+/JJUBAhiZGBgqihhk0NSjKDWzXb3RdlLBUSYGJk8GtpzUvPSSDB8G5tKinBIGIZ+sxLJE/ZzEvHT94JKizLx0a6BxUmjGOUNodHsLgAy2EgYB/eT83ILSktQi/eKcxLJUQwA49mDyxQAAAA==[0mslave1 (slabal1) in workspace C:\Jenkins\workspace\jobjob
Cloning the remote Git repository
Cloning repository https://github.com/OlegGlizerin/TeamRepo.git
 > git.exe init C:\Jenkins\workspace\jobjob # timeout=10
Fetching upstream changes from https://github.com/OlegGlizerin/TeamRepo.git
 > git.exe --version # timeout=10
 > git.exe fetch --tags --progress https://github.com/OlegGlizerin/TeamRepo.git +refs/heads/*:refs/remotes/origin/*
 > git.exe config remote.origin.url https://github.com/OlegGlizerin/TeamRepo.git # timeout=10
 > git.exe config --add remote.origin.fetch +refs/heads/*:refs/remotes/origin/* # timeout=10
 > git.exe config remote.origin.url https://github.com/OlegGlizerin/TeamRepo.git # timeout=10
Fetching upstream changes from https://github.com/OlegGlizerin/TeamRepo.git
 > git.exe fetch --tags --progress https://github.com/OlegGlizerin/TeamRepo.git +refs/heads/*:refs/remotes/origin/*
 > git.exe rev-parse "refs/remotes/origin/oleg^{commit}" # timeout=10
 > git.exe rev-parse "refs/remotes/origin/origin/oleg^{commit}" # timeout=10
Checking out Revision fb6100a51c82ef5b477b7389c077b0f0fc486f22 (refs/remotes/origin/oleg)
 > git.exe config core.sparsecheckout # timeout=10
 > git.exe checkout -f fb6100a51c82ef5b477b7389c077b0f0fc486f22
Commit message: "test without datorama"
First time build. Skipping changelog.
[jobjob] $ cmd /c call C:\Users\JACKSP~1\AppData\Local\Temp\jenkins4691123692209282288.bat

C:\Jenkins\workspace\jobjob>cd /AutomationParallel3TestsExcercise 
The system cannot find the path specified.

C:\Jenkins\workspace\jobjob>mvn clean instal 
[INFO] Scanning for projects...
[INFO] ------------------------------------------------------------------------
[INFO] BUILD FAILURE
[INFO] ------------------------------------------------------------------------
[INFO] Total time: 0.065 s
[INFO] Finished at: 2017-10-19T15:09:18+03:00
[INFO] Final Memory: 14M/491M
[INFO] ------------------------------------------------------------------------
[ERROR] The goal you specified requires a project to execute but there is no POM in this directory (C:\Jenkins\workspace\jobjob). Please verify you invoked Maven from the correct directory. -> [Help 1]
[ERROR] 
[ERROR] To see the full stack trace of the errors, re-run Maven with the -e switch.
[ERROR] Re-run Maven using the -X switch to enable full debug logging.
[ERROR] 
[ERROR] For more information about the errors and possible solutions, please read the following articles:
[ERROR] [Help 1] http://cwiki.apache.org/confluence/display/MAVEN/MissingProjectException
Build step 'Execute Windows batch command' marked build as failure
Finished: FAILURE
