Started by user [8mha:////4BZv/RbSRYtMZa6Gy4V7aSsv1Lgf4frwfCHza6l7zHyjAAAAlx+LCAAAAAAAAP9b85aBtbiIQTGjNKU4P08vOT+vOD8nVc83PyU1x6OyILUoJzMv2y+/JJUBAhiZGBgqihhk0NSjKDWzXb3RdlLBUSYGJk8GtpzUvPSSDB8G5tKinBIGIZ+sxLJE/ZzEvHT94JKizLx0a6BxUmjGOUNodHsLgAzWEgZu/dLi1CL9xJTczDwAj6GcLcAAAAA=[0madmin
Building remotely on [8mha:////4EPva0O8U8cMmchepU37C/76sIwqX644G//d/BaMK+soAAAAnB+LCAAAAAAAAP9b85aBtbiIQTGjNKU4P08vOT+vOD8nVc83PyU1x6OyILUoJzMv2y+/JJUBAhiZGBgqihhk0NSjKDWzXb3RdlLBUSYGJk8GtpzUvPSSDB8G5tKinBIGIZ+sxLJE/ZzEvHT94JKizLx0a6BxUmjGOUNodHsLgAy2EgYB/eT83ILSktQi/eKcxLJUQwA49mDyxQAAAA==[0mslave1 (slabal1) in workspace C:\Jenkins\workspace\jobjob
 > git.exe rev-parse --is-inside-work-tree # timeout=10
Fetching changes from the remote Git repository
 > git.exe config remote.origin.url https://github.com/OlegGlizerin/TeamRepo.git # timeout=10
Fetching upstream changes from https://github.com/OlegGlizerin/TeamRepo.git
 > git.exe --version # timeout=10
 > git.exe fetch --tags --progress https://github.com/OlegGlizerin/TeamRepo.git +refs/heads/*:refs/remotes/origin/*
 > git.exe rev-parse "refs/remotes/origin/oleg^{commit}" # timeout=10
 > git.exe rev-parse "refs/remotes/origin/origin/oleg^{commit}" # timeout=10
Checking out Revision fb6100a51c82ef5b477b7389c077b0f0fc486f22 (refs/remotes/origin/oleg)
 > git.exe config core.sparsecheckout # timeout=10
 > git.exe checkout -f fb6100a51c82ef5b477b7389c077b0f0fc486f22
Commit message: "test without datorama"
 > git.exe rev-list fb6100a51c82ef5b477b7389c077b0f0fc486f22 # timeout=10
[jobjob] $ cmd /c call C:\Users\JACKSP~1\AppData\Local\Temp\jenkins4682851658307969719.bat

C:\Jenkins\workspace\jobjob>cd AutomationParallel3TestsExcercise 

C:\Jenkins\workspace\jobjob\AutomationParallel3TestsExcercise>mvn clean instal 
[INFO] Scanning for projects...
[INFO] 
[INFO] ------------------------------------------------------------------------
[INFO] Building Automation-Parallel.com 1.0-SNAPSHOT
[INFO] ------------------------------------------------------------------------
[INFO] ------------------------------------------------------------------------
[INFO] BUILD FAILURE
[INFO] ------------------------------------------------------------------------
[INFO] Total time: 0.077 s
[INFO] Finished at: 2017-10-19T15:10:23+03:00
[INFO] Final Memory: 14M/491M
[INFO] ------------------------------------------------------------------------
[ERROR] Unknown lifecycle phase "instal". You must specify a valid lifecycle phase or a goal in the format <plugin-prefix>:<goal> or <plugin-group-id>:<plugin-artifact-id>[:<plugin-version>]:<goal>. Available lifecycle phases are: validate, initialize, generate-sources, process-sources, generate-resources, process-resources, compile, process-classes, generate-test-sources, process-test-sources, generate-test-resources, process-test-resources, test-compile, process-test-classes, test, prepare-package, package, pre-integration-test, integration-test, post-integration-test, verify, install, deploy, pre-clean, clean, post-clean, pre-site, site, post-site, site-deploy. -> [Help 1]
[ERROR] 
[ERROR] To see the full stack trace of the errors, re-run Maven with the -e switch.
[ERROR] Re-run Maven using the -X switch to enable full debug logging.
[ERROR] 
[ERROR] For more information about the errors and possible solutions, please read the following articles:
[ERROR] [Help 1] http://cwiki.apache.org/confluence/display/MAVEN/LifecyclePhaseNotFoundException
Build step 'Execute Windows batch command' marked build as failure
Finished: FAILURE
